TN:
SF:src\App.tsx
FN:8,App
FN:15,(anonymous_1)
FN:20,(anonymous_2)
FN:26,(anonymous_3)
FN:27,(anonymous_4)
FN:30,(anonymous_5)
FN:31,(anonymous_6)
FN:40,(anonymous_7)
FN:41,(anonymous_8)
FN:45,(anonymous_9)
FN:46,(anonymous_10)
FN:53,(anonymous_11)
FN:65,(anonymous_12)
FNF:13
FNH:12
FNDA:24,App
FNDA:5,(anonymous_1)
FNDA:4,(anonymous_2)
FNDA:4,(anonymous_3)
FNDA:4,(anonymous_4)
FNDA:4,(anonymous_5)
FNDA:4,(anonymous_6)
FNDA:1,(anonymous_7)
FNDA:1,(anonymous_8)
FNDA:1,(anonymous_9)
FNDA:0,(anonymous_10)
FNDA:3,(anonymous_11)
FNDA:1,(anonymous_12)
DA:9,24
DA:10,24
DA:11,24
DA:13,24
DA:15,24
DA:16,5
DA:17,5
DA:20,24
DA:21,4
DA:22,4
DA:25,24
DA:26,4
DA:27,4
DA:29,24
DA:30,4
DA:31,4
DA:33,24
DA:40,1
DA:41,1
DA:45,1
DA:46,0
DA:54,3
DA:66,1
LF:23
LH:22
BRDA:13,0,0,3
BRDA:13,0,1,21
BRDA:39,1,0,24
BRDA:39,1,1,5
BRDA:44,2,0,24
BRDA:44,2,1,4
BRF:6
BRH:6
end_of_record
TN:
SF:src\Store\Store.tsx
FN:21,(anonymous_0)
FN:24,(anonymous_1)
FN:25,(anonymous_2)
FNF:3
FNH:3
FNDA:4,(anonymous_0)
FNDA:5,(anonymous_1)
FNDA:5,(anonymous_2)
DA:21,4
DA:25,5
LF:2
LH:2
BRF:0
BRH:0
end_of_record
TN:
SF:src\components\Modal.tsx
FN:8,(anonymous_0)
FN:18,(anonymous_1)
FN:22,(anonymous_2)
FN:31,(anonymous_3)
FN:32,(anonymous_4)
FN:36,(anonymous_5)
FN:39,(anonymous_6)
FN:43,(anonymous_7)
FN:65,(anonymous_8)
FNF:9
FNH:9
FNDA:15,(anonymous_0)
FNDA:2,(anonymous_1)
FNDA:3,(anonymous_2)
FNDA:15,(anonymous_3)
FNDA:9,(anonymous_4)
FNDA:15,(anonymous_5)
FNDA:15,(anonymous_6)
FNDA:6,(anonymous_7)
FNDA:15,(anonymous_8)
DA:6,1
DA:8,1
DA:15,15
DA:16,15
DA:18,15
DA:19,2
DA:22,15
DA:23,3
DA:27,1
DA:31,15
DA:32,15
DA:33,9
DA:35,15
DA:36,15
DA:39,15
DA:40,15
DA:41,15
DA:43,15
DA:44,6
DA:45,5
DA:48,5
DA:49,5
DA:50,5
DA:51,5
DA:52,2
DA:53,1
DA:54,1
DA:57,3
DA:58,1
DA:59,1
DA:64,15
DA:65,15
DA:68,15
LF:33
LH:33
BRDA:23,0,0,1
BRDA:23,0,1,2
BRDA:24,1,0,3
BRDA:24,1,1,1
BRDA:33,2,0,1
BRDA:33,2,1,8
BRDA:41,3,0,0
BRDA:41,3,1,15
BRDA:44,4,0,1
BRDA:44,4,1,5
BRDA:48,5,0,0
BRDA:48,5,1,5
BRDA:51,6,0,2
BRDA:51,6,1,3
BRDA:52,7,0,1
BRDA:52,7,1,1
BRDA:57,8,0,1
BRDA:57,8,1,2
BRF:18
BRH:16
end_of_record
TN:
SF:src\components\ReactHookForm.tsx
FN:7,(anonymous_0)
FN:13,(anonymous_1)
FN:20,(anonymous_2)
FN:21,(anonymous_3)
FN:24,(anonymous_4)
FN:27,(anonymous_5)
FN:37,(anonymous_6)
FN:43,(anonymous_7)
FN:50,(anonymous_8)
FN:59,(anonymous_9)
FN:62,(anonymous_10)
FN:65,(anonymous_11)
FN:68,(anonymous_12)
FN:72,(anonymous_13)
FN:76,(anonymous_14)
FN:83,(anonymous_15)
FN:114,(anonymous_16)
FN:177,(anonymous_17)
FNF:18
FNH:16
FNDA:22,(anonymous_0)
FNDA:25,(anonymous_1)
FNDA:25,(anonymous_2)
FNDA:25,(anonymous_3)
FNDA:25,(anonymous_4)
FNDA:25,(anonymous_5)
FNDA:25,(anonymous_6)
FNDA:25,(anonymous_7)
FNDA:25,(anonymous_8)
FNDA:25,(anonymous_9)
FNDA:25,(anonymous_10)
FNDA:25,(anonymous_11)
FNDA:25,(anonymous_12)
FNDA:25,(anonymous_13)
FNDA:0,(anonymous_14)
FNDA:22,(anonymous_15)
FNDA:0,(anonymous_16)
FNDA:4378,(anonymous_17)
DA:7,1
DA:8,22
DA:13,25
DA:20,25
DA:21,25
DA:24,25
DA:29,25
DA:30,25
DA:37,25
DA:45,25
DA:52,25
DA:59,25
DA:62,25
DA:65,25
DA:68,25
DA:72,25
DA:76,0
DA:83,1
DA:84,22
DA:85,22
DA:92,22
DA:106,22
DA:107,22
DA:114,22
DA:115,0
DA:116,0
DA:117,0
DA:128,0
DA:129,0
DA:132,22
DA:178,4378
LF:31
LH:25
BRDA:30,0,0,25
BRDA:30,0,1,0
BRDA:45,1,0,25
BRDA:45,1,1,25
BRDA:45,1,2,0
BRDA:52,2,0,25
BRDA:52,2,1,25
BRDA:52,2,2,0
BRDA:116,3,0,0
BRDA:116,3,1,0
BRDA:220,4,0,4
BRDA:220,4,1,18
BRDA:223,5,0,8
BRDA:223,5,1,14
BRDA:226,6,0,6
BRDA:226,6,1,16
BRDA:229,7,0,2
BRDA:229,7,1,20
BRF:18
BRH:13
end_of_record
TN:
SF:src\components\ResultCard.tsx
FN:8,ResultCard
FNF:1
FNH:1
FNDA:13,ResultCard
DA:9,13
LF:1
LH:1
BRDA:10,0,0,4
BRDA:10,0,1,9
BRDA:23,1,0,13
BRDA:23,1,1,1
BRDA:29,2,0,12
BRDA:29,2,1,1
BRDA:31,3,0,13
BRDA:31,3,1,1
BRF:8
BRH:8
end_of_record
TN:
SF:src\components\UncontrolledForm.tsx
FN:11,(anonymous_0)
FN:17,(anonymous_1)
FN:20,(anonymous_2)
FN:26,(anonymous_3)
FN:29,(anonymous_4)
FN:32,(anonymous_5)
FN:35,(anonymous_6)
FN:45,(anonymous_7)
FN:48,(anonymous_8)
FN:51,(anonymous_9)
FN:54,(anonymous_10)
FN:59,(anonymous_11)
FN:78,(anonymous_12)
FN:88,(anonymous_13)
FN:100,(anonymous_14)
FN:155,(anonymous_15)
FN:221,(anonymous_16)
FNF:17
FNH:17
FNDA:4,(anonymous_0)
FNDA:4,(anonymous_1)
FNDA:4,(anonymous_2)
FNDA:4,(anonymous_3)
FNDA:4,(anonymous_4)
FNDA:4,(anonymous_5)
FNDA:4,(anonymous_6)
FNDA:4,(anonymous_7)
FNDA:4,(anonymous_8)
FNDA:4,(anonymous_9)
FNDA:4,(anonymous_10)
FNDA:4,(anonymous_11)
FNDA:14,(anonymous_12)
FNDA:4,(anonymous_13)
FNDA:4,(anonymous_14)
FNDA:1,(anonymous_15)
FNDA:2786,(anonymous_16)
DA:6,1
DA:11,4
DA:17,4
DA:20,4
DA:26,4
DA:29,4
DA:32,4
DA:37,4
DA:38,4
DA:45,4
DA:48,4
DA:51,4
DA:54,4
DA:59,4
DA:78,1
DA:79,14
DA:80,14
DA:81,14
DA:88,14
DA:91,4
DA:92,4
DA:100,14
DA:101,4
DA:102,4
DA:103,4
DA:105,4
DA:106,4
DA:107,4
DA:108,4
DA:109,4
DA:111,4
DA:113,4
DA:115,4
DA:116,4
DA:118,4
DA:120,4
DA:127,4
DA:128,2
DA:129,14
DA:130,14
DA:134,4
DA:135,1
DA:136,3
DA:137,1
DA:140,4
DA:141,0
DA:142,0
DA:143,0
DA:144,0
DA:148,4
DA:149,1
DA:152,4
DA:153,4
DA:155,1
DA:156,1
DA:157,1
DA:168,1
DA:169,1
DA:175,1
DA:176,1
DA:178,1
DA:181,14
DA:222,2786
LF:63
LH:59
BRDA:38,0,0,4
BRDA:38,0,1,3
BRDA:115,1,0,4
BRDA:115,1,1,4
BRDA:127,2,0,2
BRDA:127,2,1,2
BRDA:130,3,0,5
BRDA:130,3,1,9
BRDA:134,4,0,1
BRDA:134,4,1,3
BRDA:136,5,0,1
BRDA:136,5,1,2
BRDA:140,6,0,0
BRDA:140,6,1,4
BRDA:141,7,0,0
BRDA:141,7,1,0
BRDA:143,8,0,0
BRDA:143,8,1,0
BRDA:148,9,0,1
BRDA:148,9,1,3
BRDA:153,10,0,3
BRDA:153,10,1,1
BRDA:156,11,0,0
BRDA:156,11,1,1
BRDA:257,12,0,6
BRDA:257,12,1,8
BRDA:260,13,0,6
BRDA:260,13,1,8
BRDA:263,14,0,6
BRDA:263,14,1,8
BRDA:266,15,0,6
BRDA:266,15,1,8
BRF:32
BRH:26
end_of_record
TN:
SF:src\utilities\readFileAsBase64.ts
FN:1,(anonymous_0)
FN:2,(anonymous_1)
FN:4,(anonymous_2)
FNF:3
FNH:3
FNDA:2,(anonymous_0)
FNDA:2,(anonymous_1)
FNDA:1,(anonymous_2)
DA:1,3
DA:2,2
DA:3,2
DA:4,2
DA:5,2
DA:6,2
LF:6
LH:6
BRF:0
BRH:0
end_of_record
